TN:
SF:src\components\AIAssistant.tsx
FN:14,AIAssistant
FN:22,(anonymous_1)
FN:24,(anonymous_2)
FN:31,(anonymous_3)
FN:35,(anonymous_4)
FN:39,(anonymous_5)
FN:52,(anonymous_6)
FN:54,(anonymous_7)
FN:56,(anonymous_8)
FN:68,(anonymous_9)
FN:92,(anonymous_10)
FN:93,(anonymous_11)
FN:100,(anonymous_12)
FN:127,(anonymous_13)
FN:145,(anonymous_14)
FN:146,(anonymous_15)
FN:147,(anonymous_16)
FN:148,(anonymous_17)
FN:153,(anonymous_18)
FN:164,(anonymous_19)
FNF:20
FNH:13
FNDA:7,AIAssistant
FNDA:6,(anonymous_1)
FNDA:1,(anonymous_2)
FNDA:1,(anonymous_3)
FNDA:1,(anonymous_4)
FNDA:1,(anonymous_5)
FNDA:5,(anonymous_6)
FNDA:1,(anonymous_7)
FNDA:2,(anonymous_8)
FNDA:0,(anonymous_9)
FNDA:0,(anonymous_10)
FNDA:0,(anonymous_11)
FNDA:13,(anonymous_12)
FNDA:0,(anonymous_13)
FNDA:16,(anonymous_14)
FNDA:0,(anonymous_15)
FNDA:0,(anonymous_16)
FNDA:0,(anonymous_17)
FNDA:1,(anonymous_18)
FNDA:1,(anonymous_19)
DA:8,1
DA:10,1
DA:15,7
DA:16,7
DA:17,7
DA:18,7
DA:19,7
DA:20,7
DA:22,7
DA:24,7
DA:25,1
DA:26,1
DA:28,1
DA:29,1
DA:31,1
DA:32,1
DA:33,1
DA:35,1
DA:36,1
DA:39,1
DA:40,1
DA:48,1
DA:52,7
DA:53,5
DA:54,1
DA:56,2
DA:57,1
DA:64,1
DA:68,7
DA:69,0
DA:70,0
DA:71,0
DA:74,7
DA:92,0
DA:93,0
DA:101,13
DA:128,0
DA:146,16
DA:147,0
DA:148,0
DA:153,1
DA:164,1
LF:42
LH:34
BRDA:25,0,0,1
BRDA:25,0,1,1
BRDA:26,1,0,0
BRDA:26,1,1,1
BRDA:26,2,0,1
BRDA:26,2,1,1
BRDA:43,3,0,1
BRDA:43,3,1,1
BRDA:53,4,0,1
BRDA:53,4,1,4
BRDA:53,5,0,5
BRDA:53,5,1,5
BRDA:101,6,0,3
BRDA:101,6,1,10
BRDA:101,7,0,3
BRDA:101,7,1,10
BRDA:102,8,0,10
BRDA:102,8,1,3
BRDA:103,9,0,10
BRDA:103,9,1,3
BRDA:105,10,0,3
BRDA:105,10,1,10
BRDA:105,11,0,10
BRDA:105,11,1,3
BRDA:105,12,0,3
BRDA:105,12,1,10
BRDA:106,13,0,3
BRDA:106,13,1,10
BRDA:107,14,0,3
BRDA:107,14,1,10
BRDA:111,15,0,7
BRDA:111,15,1,1
BRDA:121,16,0,7
BRDA:121,16,1,0
BRDA:121,16,2,0
BRDA:136,17,0,7
BRDA:136,17,1,0
BRDA:143,18,0,7
BRDA:143,18,1,4
BRDA:143,18,2,4
BRDA:172,19,0,7
BRDA:172,19,1,1
BRDA:173,20,0,1
BRDA:173,20,1,6
BRDA:173,21,0,7
BRDA:173,21,1,1
BRDA:173,22,0,1
BRDA:173,22,1,6
BRDA:173,23,0,7
BRDA:173,23,1,1
BRDA:174,24,0,1
BRDA:174,24,1,6
BRDA:174,25,0,7
BRDA:174,25,1,1
BRF:54
BRH:50
end_of_record
TN:
SF:src\components\Glossary.tsx
FN:5,Glossary
FN:8,(anonymous_1)
FN:10,(anonymous_2)
FN:11,(anonymous_3)
FN:12,(anonymous_4)
FN:15,(anonymous_5)
FN:15,(anonymous_6)
FN:21,(anonymous_7)
FN:31,(anonymous_8)
FN:36,(anonymous_9)
FNF:10
FNH:6
FNDA:5,Glossary
FNDA:36,(anonymous_1)
FNDA:5,(anonymous_2)
FNDA:0,(anonymous_3)
FNDA:0,(anonymous_4)
FNDA:0,(anonymous_5)
FNDA:0,(anonymous_6)
FNDA:5,(anonymous_7)
FNDA:2,(anonymous_8)
FNDA:56,(anonymous_9)
DA:6,5
DA:7,5
DA:8,36
DA:10,5
DA:11,5
DA:12,0
DA:13,0
DA:14,0
DA:15,0
DA:16,0
DA:20,5
DA:21,5
DA:24,5
DA:31,2
DA:37,56
LF:15
LH:10
BRDA:8,0,0,2
BRDA:8,0,1,3
BRDA:8,1,0,36
BRDA:8,1,1,36
BRDA:13,2,0,0
BRDA:13,2,1,0
BRDA:20,3,0,5
BRDA:20,3,1,0
BRDA:46,4,0,5
BRDA:46,4,1,1
BRF:10
BRH:7
end_of_record
TN:
SF:src\data\glossary.ts
FNF:0
FNH:0
DA:7,1
LF:1
LH:1
BRF:0
BRH:0
end_of_record
TN:
SF:src\hooks\useGemini.ts
FN:10,useGemini
FN:16,(anonymous_1)
FN:33,(anonymous_2)
FN:45,(anonymous_3)
FNF:4
FNH:4
FNDA:6,useGemini
FNDA:2,(anonymous_1)
FNDA:2,(anonymous_2)
FNDA:1,(anonymous_3)
DA:11,6
DA:12,6
DA:13,6
DA:14,6
DA:16,6
DA:17,2
DA:18,2
DA:19,0
DA:20,0
DA:23,2
DA:24,0
DA:25,0
DA:28,2
DA:29,2
DA:31,2
DA:32,2
DA:33,2
DA:39,0
DA:41,2
DA:45,6
DA:46,1
DA:47,1
DA:48,1
DA:51,6
LF:24
LH:19
BRDA:18,0,0,0
BRDA:18,0,1,2
BRDA:19,1,0,0
BRDA:19,1,1,0
BRDA:23,2,0,0
BRDA:23,2,1,2
BRF:6
BRH:2
end_of_record
TN:
SF:src\services\firebase.ts
FN:16,saveQuizScore
FN:34,getLeaderboard
FN:46,(anonymous_2)
FNF:3
FNH:3
FNDA:2,saveQuizScore
FNDA:2,getLeaderboard
FNDA:1,(anonymous_2)
DA:4,1
DA:13,1
DA:14,1
DA:17,2
DA:18,0
DA:19,0
DA:22,2
DA:23,2
DA:30,1
DA:35,2
DA:36,0
DA:39,2
DA:40,2
DA:45,2
DA:46,1
DA:48,1
DA:49,1
LF:17
LH:14
BRDA:5,0,0,1
BRDA:5,0,1,0
BRDA:6,1,0,1
BRDA:6,1,1,1
BRDA:7,2,0,1
BRDA:7,2,1,1
BRDA:8,3,0,1
BRDA:8,3,1,1
BRDA:9,4,0,1
BRDA:9,4,1,1
BRDA:10,5,0,1
BRDA:10,5,1,1
BRDA:17,6,0,0
BRDA:17,6,1,2
BRDA:17,7,0,2
BRDA:17,7,1,2
BRDA:35,8,0,0
BRDA:35,8,1,2
BRDA:35,9,0,2
BRDA:35,9,1,2
BRF:20
BRH:17
end_of_record
TN:
SF:src\services\gemini.ts
FN:16,(anonymous_0)
FN:23,(anonymous_1)
FN:58,(anonymous_2)
FN:63,getGeminiResponse
FN:67,(anonymous_4)
FNF:5
FNH:3
FNDA:3,(anonymous_0)
FNDA:2,(anonymous_1)
FNDA:1,(anonymous_2)
FNDA:0,getGeminiResponse
FNDA:0,(anonymous_4)
DA:3,1
DA:4,1
DA:6,1
DA:14,3
DA:17,3
DA:24,2
DA:25,0
DA:26,0
DA:29,2
DA:30,2
DA:35,2
DA:37,2
DA:38,2
DA:39,2
DA:40,2
DA:41,2
DA:44,2
DA:49,2
DA:51,0
DA:52,0
DA:53,0
DA:54,0
DA:59,1
DA:64,0
DA:65,0
DA:66,0
DA:67,0
DA:68,0
LF:28
LH:17
BRDA:3,0,0,1
BRDA:3,0,1,0
BRDA:24,1,0,0
BRDA:24,1,1,2
BRDA:63,2,0,0
BRF:5
BRH:2
end_of_record
TN:
SF:src\services\quizService.ts
FN:6,generateElectionQuiz
FNF:1
FNH:1
FNDA:2,generateElectionQuiz
DA:3,1
DA:4,1
DA:7,2
DA:9,2
DA:11,2
DA:28,2
DA:29,2
DA:30,2
DA:33,2
DA:34,2
DA:36,0
DA:37,0
LF:12
LH:10
BRDA:3,0,0,1
BRDA:3,0,1,0
BRDA:6,1,0,2
BRDA:7,2,0,0
BRDA:7,2,1,2
BRF:5
BRH:3
end_of_record
TN:
SF:src\utils\security.ts
FN:7,(anonymous_0)
FN:12,(anonymous_1)
FN:14,(anonymous_2)
FN:24,validateUserInput
FN:38,(anonymous_4)
FN:46,sanitizeError
FNF:6
FNH:6
FNDA:2,(anonymous_0)
FNDA:3,(anonymous_1)
FNDA:1,(anonymous_2)
FNDA:6,validateUserInput
FNDA:16,(anonymous_4)
FNDA:3,sanitizeError
DA:5,2
DA:8,2
DA:9,2
DA:13,3
DA:14,3
DA:15,3
DA:16,3
DA:17,3
DA:21,2
DA:25,6
DA:26,6
DA:27,5
DA:30,4
DA:38,16
DA:39,1
DA:42,3
DA:47,3
DA:49,3
DA:50,3
DA:51,2
DA:52,1
DA:54,1
LF:22
LH:22
BRDA:15,0,0,0
BRDA:15,0,1,3
BRDA:25,1,0,0
BRDA:25,1,1,6
BRDA:25,2,0,6
BRDA:25,2,1,6
BRDA:26,3,0,1
BRDA:26,3,1,5
BRDA:27,4,0,1
BRDA:27,4,1,4
BRDA:38,5,0,1
BRDA:38,5,1,3
BRDA:49,6,0,3
BRDA:49,6,1,0
BRDA:50,7,0,1
BRDA:50,7,1,2
BRDA:51,8,0,1
BRDA:51,8,1,1
BRDA:52,9,0,0
BRDA:52,9,1,1
BRF:20
BRH:16
end_of_record
